2024-07-24 10:11:53 info: Trucklink Dev service Listening on port 3000
2024-07-24 10:11:53 info: Connected to database!
2024-07-24 10:13:26 info: [0mOPTIONS /prod/v1/login [32m204[0m 1.119 ms - 0[0m
2024-07-24 10:13:26 info: [0mPOST /prod/v1/login [33m404[0m 139.055 ms - 153[0m
2024-07-24 10:13:29 info: [0mPOST /prod/v1/login [33m404[0m 1.000 ms - 153[0m
2024-07-24 10:13:32 info: [0mOPTIONS /prod/v1/login [32m204[0m 0.225 ms - 0[0m
2024-07-24 10:13:32 info: [0mPOST /prod/v1/login [33m404[0m 0.403 ms - 153[0m
2024-07-24 10:13:41 info: [0mOPTIONS /prod/v1/login [32m204[0m 0.122 ms - 0[0m
2024-07-24 10:13:41 info: [0mPOST /prod/v1/login [33m404[0m 0.452 ms - 153[0m
2024-07-24 10:15:28 info: Trucklink Dev service Listening on port 3000
2024-07-24 10:15:28 info: Connected to database!
2024-07-24 10:15:32 info: [0mOPTIONS /prod/v1/login [32m204[0m 0.999 ms - 0[0m
2024-07-24 10:15:32 info: [0mPOST /prod/v1/login [33m404[0m 8.920 ms - 153[0m
2024-07-24 10:15:33 info: [0mOPTIONS /prod/v1/login [32m204[0m 0.233 ms - 0[0m
2024-07-24 10:15:33 info: [0mPOST /prod/v1/login [33m404[0m 0.862 ms - 153[0m
2024-07-24 10:15:37 info: [0mOPTIONS /prod/v1/login [32m204[0m 0.136 ms - 0[0m
2024-07-24 10:15:37 info: [0mPOST /prod/v1/login [33m404[0m 0.480 ms - 153[0m
2024-07-24 10:16:15 info: Trucklink Dev service Listening on port 3000
2024-07-24 10:16:15 info: Connected to database!
2024-07-24 10:16:17 info: [0mOPTIONS /prod/v1/login [32m204[0m 2.132 ms - 0[0m
2024-07-24 10:16:17 info: [0mPOST /prod/v1/login [33m404[0m 10.695 ms - 153[0m
2024-07-24 10:23:24 info: Trucklink Dev service Listening on port 3000
2024-07-24 10:23:24 info: Connected to database!
2024-07-24 10:23:29 info: [0mOPTIONS /prod/v1/login [32m204[0m 0.942 ms - 0[0m
2024-07-24 10:23:29 info: [0mPOST /prod/v1/login [33m404[0m 7.953 ms - 153[0m
2024-07-24 10:23:30 info: [0mPOST /prod/v1/login [33m404[0m 0.941 ms - 153[0m
2024-07-24 10:23:33 info: [0mPOST /prod/v1/login [33m404[0m 0.704 ms - 153[0m
2024-07-24 10:24:19 info: Trucklink Dev service Listening on port 3000
2024-07-24 10:24:19 info: Connected to database!
2024-07-24 10:24:28 info: [0mGET / [32m200[0m 1.587 ms - -[0m
2024-07-24 10:24:44 info: Trucklink Dev service Listening on port 3000
2024-07-24 10:24:44 info: Connected to database!
2024-07-24 10:24:58 info: [0mOPTIONS /prod/v1/login [32m204[0m 0.930 ms - 0[0m
2024-07-24 10:24:58 info: [0mPOST /prod/v1/login [33m404[0m 8.978 ms - 153[0m
2024-07-24 10:27:00 info: Trucklink Dev service Listening on port 3000
2024-07-24 10:27:00 info: Connected to database!
2024-07-24 10:27:04 info: [0mOPTIONS /prod/v1/login [32m204[0m 0.952 ms - 0[0m
2024-07-24 10:27:04 info: [0mPOST /prod/v1/login [33m404[0m 10.752 ms - 153[0m
2024-07-24 10:27:09 info: [0mOPTIONS /prod/v1/login [32m204[0m 0.235 ms - 0[0m
2024-07-24 10:27:09 info: [0mPOST /prod/v1/login [33m404[0m 0.795 ms - 153[0m
2024-07-24 10:28:13 info: [0mOPTIONS /prod/v1/login [32m204[0m 0.114 ms - 0[0m
2024-07-24 10:28:13 info: [0mPOST /prod/v1/login [33m404[0m 0.319 ms - 153[0m
2024-07-24 10:29:27 info: [0mOPTIONS /prod/v1/login [32m204[0m 0.140 ms - 0[0m
2024-07-24 10:29:27 info: [0mPOST /prod/v1/login [33m404[0m 0.333 ms - 153[0m
2024-07-24 10:30:42 info: [0mOPTIONS /prod/v1/login [32m204[0m 0.166 ms - 0[0m
2024-07-24 10:30:42 info: [0mPOST /prod/v1/login [33m404[0m 0.439 ms - 153[0m
2024-07-24 10:32:43 info: [0mOPTIONS /prod/v1/login [32m204[0m 0.121 ms - 0[0m
2024-07-24 10:32:43 info: [0mPOST /prod/v1/login [33m404[0m 0.392 ms - 153[0m
2024-07-24 10:35:17 info: [0mOPTIONS /prod/v1/login [32m204[0m 0.111 ms - 0[0m
2024-07-24 10:35:17 info: [0mPOST /prod/v1/login [33m404[0m 0.398 ms - 153[0m
2024-07-24 10:38:47 info: [0mOPTIONS /prod/v1/login [32m204[0m 0.109 ms - 0[0m
2024-07-24 10:38:47 info: [0mPOST /prod/v1/login [33m404[0m 0.335 ms - 153[0m
2024-07-24 10:40:52 info: [0mOPTIONS /prod/v1/login [32m204[0m 0.164 ms - 0[0m
2024-07-24 10:40:52 info: [0mPOST /prod/v1/login [33m404[0m 0.332 ms - 153[0m
2024-07-24 10:41:01 info: [0mOPTIONS /prod/v1/login [32m204[0m 0.101 ms - 0[0m
2024-07-24 10:41:01 info: [0mPOST /prod/v1/login [33m404[0m 0.333 ms - 153[0m
2024-07-24 10:41:47 info: [0mOPTIONS /prod/v1/login [32m204[0m 0.106 ms - 0[0m
2024-07-24 10:41:47 info: [0mPOST /prod/v1/login [33m404[0m 0.335 ms - 153[0m
2024-07-24 10:42:46 info: [0mOPTIONS /prod/v1/login [32m204[0m 0.118 ms - 0[0m
2024-07-24 10:42:46 info: [0mPOST /prod/v1/login [33m404[0m 0.344 ms - 153[0m
2024-07-24 10:44:35 info: [0mOPTIONS /prod/v1/login [32m204[0m 0.104 ms - 0[0m
2024-07-24 10:44:35 info: [0mPOST /prod/v1/login [33m404[0m 0.389 ms - 153[0m
2024-07-24 10:44:55 info: [0mOPTIONS /prod/v1/login [32m204[0m 0.103 ms - 0[0m
2024-07-24 10:44:55 info: [0mPOST /prod/v1/login [33m404[0m 0.561 ms - 153[0m
2024-07-24 10:45:50 info: [0mOPTIONS /prod/v1/login [32m204[0m 0.098 ms - 0[0m
2024-07-24 10:45:50 info: [0mPOST /prod/v1/login [33m404[0m 0.372 ms - 153[0m
2024-07-24 10:46:14 info: [0mOPTIONS /prod/v1/login [32m204[0m 0.102 ms - 0[0m
2024-07-24 10:46:14 info: [0mPOST /prod/v1/login [33m404[0m 0.515 ms - 153[0m
2024-07-24 10:48:47 info: Trucklink Dev service Listening on port 3000
2024-07-24 10:48:48 info: Connected to database!
2024-07-24 10:48:57 info: [0mOPTIONS /prod/v1/login [32m204[0m 1.385 ms - 0[0m
2024-07-24 10:48:57 info: [0mPOST /prod/v1/login [32m201[0m 123.345 ms - 1017[0m
2024-07-24 10:49:31 info: [0mOPTIONS /prod/v1/login [32m204[0m 0.216 ms - 0[0m
2024-07-24 10:49:31 info: [0mPOST /prod/v1/login [32m201[0m 86.579 ms - 1017[0m
2024-07-24 10:49:50 info: [0mOPTIONS /prod/v1/login [32m204[0m 0.148 ms - 0[0m
2024-07-24 10:49:50 info: [0mPOST /prod/v1/login [32m201[0m 91.520 ms - 1017[0m
2024-07-24 10:51:47 info: [0mOPTIONS /prod/v1/login [32m204[0m 0.154 ms - 0[0m
2024-07-24 10:51:47 info: [0mPOST /prod/v1/login [32m201[0m 107.051 ms - 1017[0m
2024-07-24 10:54:00 info: [0mOPTIONS /prod/v1/login [32m204[0m 0.114 ms - 0[0m
2024-07-24 10:54:00 info: [0mPOST /prod/v1/login [32m201[0m 86.348 ms - 1017[0m
2024-07-24 10:55:13 info: [0mOPTIONS /prod/v1/login [32m204[0m 0.156 ms - 0[0m
2024-07-24 10:55:13 info: [0mPOST /prod/v1/login [32m201[0m 117.666 ms - 1017[0m
2024-07-24 10:55:47 info: [0mOPTIONS /prod/v1/login [32m204[0m 0.110 ms - 0[0m
2024-07-24 10:55:47 info: [0mPOST /prod/v1/login [32m201[0m 93.486 ms - 1017[0m
2024-07-24 10:56:40 info: [0mOPTIONS /prod/v1/login [32m204[0m 0.103 ms - 0[0m
2024-07-24 10:56:40 info: [0mPOST /prod/v1/login [32m201[0m 84.636 ms - 1017[0m
2024-07-24 10:57:10 info: [0mOPTIONS /prod/v1/login [32m204[0m 0.102 ms - 0[0m
2024-07-24 10:57:10 info: [0mPOST /prod/v1/login [32m201[0m 73.670 ms - 1017[0m
2024-07-24 10:57:10 info: [0mGET /prod/v1/get-owner-bank-details?page=1&limit=50&hubId=66541b73a74686d081580179 [32m201[0m 29.725 ms - 13238[0m
2024-07-24 10:57:16 info: [0mGET /prod/v1/get-owner-bank-details?page=1&limit=50&hubId=66541b73a74686d081580179 [32m201[0m 26.896 ms - 13238[0m
2024-07-24 10:57:37 info: [0mGET /prod/v1/get-material [32m201[0m 30.647 ms - 8883[0m
2024-07-24 10:57:44 info: [0mGET /prod/v1/get-material [32m201[0m 26.148 ms - 8883[0m
2024-07-24 10:57:44 info: [0mGET /prod/v1/get-receive-register?page=1&limit=50 [32m201[0m 67.735 ms - 25327[0m
2024-07-24 10:57:49 info: [0mGET /prod/v1/get-owner-name [32m201[0m 22.074 ms - 945[0m
2024-07-24 10:57:49 info: [0mGET /prod/v1/get-owner-advance-outstanding-details [32m201[0m 23.063 ms - 149[0m
2024-07-24 10:57:49 info: [0mGET /prod/v1/get-advance-data [32m201[0m 27.968 ms - 1132[0m
2024-07-24 10:57:51 info: [0mGET /prod/v1/get-vouchers-by-month/7/2024 [32m201[0m 22.857 ms - 4315[0m
2024-07-24 10:57:52 info: [0mGET /prod/v1/get-cash-book-by-month/7/2024 [32m201[0m 40.765 ms - 3205[0m
2024-07-24 10:57:52 info: [0mGET /prod/v1/get-cash-book-by-month/7/2024 [32m201[0m 43.303 ms - 3205[0m
2024-07-24 10:57:52 info: [0mGET /prod/v1/get-cash-book-by-month/7/2024 [32m201[0m 40.054 ms - 3205[0m
2024-07-24 10:57:53 info: [0mGET /prod/v1/get-all-recovery-details?page=1&limit=50 [32m201[0m 56.676 ms - 1229[0m
2024-07-24 10:57:54 info: [0mGET /prod/v1/get-all-bill-register?page=1&limit=50 [32m201[0m 58.166 ms - 1827[0m
2024-07-24 10:57:58 info: [0mGET /prod/v1/get-delivery-data/66978fb43bfd41343fd858d8 [32m201[0m 25.594 ms - 370[0m
2024-07-24 10:58:09 info: [0mGET /prod/v1/report-table-data?page=1&limit=10 [32m201[0m 23.100 ms - 6030[0m
2024-07-24 10:58:11 info: [0mGET /prod/v1/get-ledger-data-owner/6696041c5ff154cfe3cc1a24 [32m201[0m 26.918 ms - 659[0m
2024-07-24 10:58:11 info: [0mGET /prod/v1/get-owner-voucher/6696041c5ff154cfe3cc1a24 [32m201[0m 26.962 ms - 247[0m
2024-07-24 10:58:11 info: [0mGET /prod/v1/trip-register-aggregate-values/6696041c5ff154cfe3cc1a24 [32m201[0m 212.217 ms - 3208[0m
2024-07-24 10:58:11 info: [0mGET /prod/v1/get-owner-accounts/6696041c5ff154cfe3cc1a24 [32m201[0m 208.024 ms - 411[0m
2024-07-24 10:58:11 info: [0mGET /prod/v1/get-all-users-logs [32m201[0m 219.477 ms - 457[0m
2024-07-24 10:58:17 info: [0mGET /prod/v1/get-owner-bank-details?page=1&limit=50&hubId=66541b73a74686d081580179 [32m201[0m 23.846 ms - 13238[0m
2024-07-24 10:58:22 info: [0mGET /prod/v1/get-material [32m201[0m 26.428 ms - 8883[0m
2024-07-24 10:58:22 info: [0mGET /prod/v1/get-material [32m201[0m 32.155 ms - 8883[0m
2024-07-24 10:58:22 info: [0mGET /prod/v1/get-load-location [32m201[0m 37.522 ms - 1438[0m
2024-07-24 10:58:22 info: [0mGET /prod/v1/get-delivery-location [32m201[0m 39.706 ms - 1436[0m
2024-07-24 10:58:23 info: [0mGET /prod/v1/get-all-users-logs [32m201[0m 38.937 ms - 457[0m
2024-07-24 10:58:24 info: [0mGET /prod/v1/get-all-logs [32m201[0m 138.187 ms - 83344[0m
2024-07-24 10:58:41 info: [0mGET /prod/v1/get-owner-bank-details?page=1&limit=50&hubId=66541b73a74686d081580179 [32m201[0m 24.825 ms - 13238[0m
2024-07-24 10:59:06 info: [0mOPTIONS /prod/v1/logout/66a090ae6da7f93f3c90039d [32m204[0m 0.179 ms - 0[0m
2024-07-24 10:59:06 info: [0mOPTIONS /prod/v1/logout/66a090ae6da7f93f3c90039d [32m204[0m 0.133 ms - 0[0m
2024-07-24 10:59:06 info: [0mOPTIONS /prod/v1/logout/66a090ae6da7f93f3c90039d [32m204[0m 0.120 ms - 0[0m
2024-07-24 10:59:06 info: [0mOPTIONS /prod/v1/logout/66a090ae6da7f93f3c90039d [32m204[0m 0.130 ms - 0[0m
2024-07-24 10:59:06 info: [0mOPTIONS /prod/v1/logout/66a090ae6da7f93f3c90039d [32m204[0m 0.175 ms - 0[0m
2024-07-24 10:59:06 info: [0mOPTIONS /prod/v1/logout/66a090ae6da7f93f3c90039d [32m204[0m 0.099 ms - 0[0m
2024-07-24 10:59:06 info: [0mOPTIONS /prod/v1/logout/66a090ae6da7f93f3c90039d [32m204[0m 0.129 ms - 0[0m
2024-07-24 10:59:06 info: [0mOPTIONS /prod/v1/logout/66a090ae6da7f93f3c90039d [32m204[0m 0.076 ms - 0[0m
2024-07-24 10:59:06 info: [0mOPTIONS /prod/v1/logout/66a090ae6da7f93f3c90039d [32m204[0m 0.083 ms - 0[0m
2024-07-24 10:59:06 info: [0mOPTIONS /prod/v1/logout/66a090ae6da7f93f3c90039d [32m204[0m 0.080 ms - 0[0m
2024-07-24 10:59:06 info: [0mOPTIONS /prod/v1/logout/66a090ae6da7f93f3c90039d [32m204[0m 0.108 ms - 0[0m
2024-07-24 10:59:06 info: [0mOPTIONS /prod/v1/logout/66a090ae6da7f93f3c90039d [32m204[0m 0.094 ms - 0[0m
2024-07-24 10:59:06 info: [0mOPTIONS /prod/v1/logout/66a090ae6da7f93f3c90039d [32m204[0m 0.114 ms - 0[0m
2024-07-24 10:59:06 info: [0mOPTIONS /prod/v1/logout/66a090ae6da7f93f3c90039d [32m204[0m 0.079 ms - 0[0m
2024-07-24 10:59:06 info: [0mOPTIONS /prod/v1/logout/66a090ae6da7f93f3c90039d [32m204[0m 0.068 ms - 0[0m
2024-07-24 10:59:06 info: [0mOPTIONS /prod/v1/logout/66a090ae6da7f93f3c90039d [32m204[0m 0.063 ms - 0[0m
2024-07-24 10:59:06 info: [0mOPTIONS /prod/v1/logout/66a090ae6da7f93f3c90039d [32m204[0m 0.065 ms - 0[0m
2024-07-24 10:59:06 info: [0mOPTIONS /prod/v1/logout/66a090ae6da7f93f3c90039d [32m204[0m 0.061 ms - 0[0m
2024-07-24 10:59:06 info: [0mOPTIONS /prod/v1/logout/66a090ae6da7f93f3c90039d [32m204[0m 0.071 ms - 0[0m
2024-07-24 10:59:06 info: [0mPUT /prod/v1/logout/66a090ae6da7f93f3c90039d [32m201[0m 96.621 ms - 328[0m
2024-07-24 10:59:06 info: [0mPUT /prod/v1/logout/66a090ae6da7f93f3c90039d [32m201[0m 68.309 ms - 328[0m
2024-07-24 10:59:06 info: [0mPUT /prod/v1/logout/66a090ae6da7f93f3c90039d [32m201[0m 78.620 ms - 328[0m
2024-07-24 10:59:06 info: [0mPUT /prod/v1/logout/66a090ae6da7f93f3c90039d [32m201[0m 76.066 ms - 328[0m
2024-07-24 10:59:06 info: [0mPUT /prod/v1/logout/66a090ae6da7f93f3c90039d [32m201[0m 78.119 ms - 328[0m
2024-07-24 10:59:06 info: [0mPUT /prod/v1/logout/66a090ae6da7f93f3c90039d [32m201[0m 79.935 ms - 328[0m
2024-07-24 10:59:06 info: [0mPUT /prod/v1/logout/66a090ae6da7f93f3c90039d [32m201[0m 65.177 ms - 328[0m
2024-07-24 10:59:06 info: [0mPUT /prod/v1/logout/66a090ae6da7f93f3c90039d [32m201[0m 69.447 ms - 328[0m
2024-07-24 10:59:06 info: [0mPUT /prod/v1/logout/66a090ae6da7f93f3c90039d [32m201[0m 62.355 ms - 328[0m
2024-07-24 10:59:06 info: [0mPUT /prod/v1/logout/66a090ae6da7f93f3c90039d [32m201[0m 66.719 ms - 328[0m
2024-07-24 10:59:06 info: [0mPUT /prod/v1/logout/66a090ae6da7f93f3c90039d [32m201[0m 72.519 ms - 328[0m
2024-07-24 10:59:06 info: [0mPUT /prod/v1/logout/66a090ae6da7f93f3c90039d [32m201[0m 72.216 ms - 328[0m
2024-07-24 10:59:06 info: [0mPUT /prod/v1/logout/66a090ae6da7f93f3c90039d [32m201[0m 61.808 ms - 328[0m
2024-07-24 10:59:06 info: [0mPUT /prod/v1/logout/66a090ae6da7f93f3c90039d [32m201[0m 58.410 ms - 328[0m
2024-07-24 10:59:06 info: [0mPUT /prod/v1/logout/66a090ae6da7f93f3c90039d [32m201[0m 63.117 ms - 328[0m
2024-07-24 10:59:06 info: [0mPUT /prod/v1/logout/66a090ae6da7f93f3c90039d [32m201[0m 65.919 ms - 328[0m
2024-07-24 10:59:06 info: [0mPUT /prod/v1/logout/66a090ae6da7f93f3c90039d [32m201[0m 67.419 ms - 328[0m
2024-07-24 10:59:06 info: [0mPUT /prod/v1/logout/66a090ae6da7f93f3c90039d [32m201[0m 67.260 ms - 328[0m
2024-07-24 10:59:06 info: [0mPUT /prod/v1/logout/66a090ae6da7f93f3c90039d [32m201[0m 63.675 ms - 328[0m
2024-07-24 10:59:07 info: [0mGET /prod/v1/get-owner-bank-details?page=1&limit=50&hubId=66541b73a74686d081580179 [32m201[0m 21.435 ms - 13238[0m
2024-07-24 10:59:20 info: [0mOPTIONS /prod/v1/logout/66a090ae6da7f93f3c90039d [32m204[0m 0.187 ms - 0[0m
2024-07-24 10:59:20 info: [0mOPTIONS /prod/v1/logout/66a090ae6da7f93f3c90039d [32m204[0m 0.079 ms - 0[0m
2024-07-24 10:59:20 info: [0mPUT /prod/v1/logout/66a090ae6da7f93f3c90039d [32m201[0m 84.556 ms - 328[0m
2024-07-24 10:59:20 info: [0mPUT /prod/v1/logout/66a090ae6da7f93f3c90039d [32m201[0m 88.329 ms - 328[0m
2024-07-24 10:59:46 info: [0mOPTIONS /prod/v1/logout/66a090ae6da7f93f3c90039d [32m204[0m 0.099 ms - 0[0m
2024-07-24 10:59:46 info: [0mPUT /prod/v1/logout/66a090ae6da7f93f3c90039d [0m-[0m - ms - -[0m
2024-07-24 10:59:47 info: [0mGET /prod/v1/get-vehicle-details?page=1&limit=50 [32m201[0m 30.323 ms - 16420[0m
